<?xml version="1.0" encoding="UTF-8"?>
<!-- Generated by org.testng.reporters.JUnitReportReporter -->
<testsuite hostname="DESKTOP-2GULKS9" failures="0" tests="4" name="api.test.UserTest" time="8.811" errors="0" timestamp="2024-08-08T11:56:24 PDT" skipped="0">
  <testcase classname="api.test.UserTest" name="testpostuser" time="4.410"/>
  <testcase classname="api.test.UserTest" name="testgetuser" time="1.767"/>
  <testcase classname="api.test.UserTest" name="testupdateuser" time="1.116"/>
  <testcase classname="api.test.UserTest" name="testdeleteuser" time="1.518"/>
</testsuite> <!-- api.test.UserTest -->
