<?xml version="1.0" encoding="UTF-8"?>
<!-- Generated by org.testng.reporters.JUnitReportReporter -->
<testsuite hostname="DESKTOP-2GULKS9" failures="0" tests="4" name="api.test.Usertest_propertyfile" time="12.362" errors="0" timestamp="2024-08-08T23:09:40 PDT" skipped="0">
  <testcase classname="api.test.Usertest_propertyfile" name="testpostuser" time="5.105"/>
  <testcase classname="api.test.Usertest_propertyfile" name="testgetuser" time="2.444"/>
  <testcase classname="api.test.Usertest_propertyfile" name="testupdateuser" time="3.453"/>
  <testcase classname="api.test.Usertest_propertyfile" name="testdeleteuser" time="1.360"/>
</testsuite> <!-- api.test.Usertest_propertyfile -->
