<?xml version="1.0" encoding="UTF-8"?>
<!-- Generated by org.testng.reporters.JUnitReportReporter -->
<testsuite hostname="DESKTOP-2GULKS9" failures="0" tests="4" name="api.test.Usertest_propertyfile" time="12.471" errors="0" timestamp="2024-08-09T02:55:44 PDT" skipped="0">
  <testcase classname="api.test.Usertest_propertyfile" name="testpostuser" time="6.341"/>
  <system-out/>
  <testcase classname="api.test.Usertest_propertyfile" name="testgetuser" time="1.804"/>
  <system-out/>
  <testcase classname="api.test.Usertest_propertyfile" name="testupdateuser" time="2.574"/>
  <system-out/>
  <testcase classname="api.test.Usertest_propertyfile" name="testdeleteuser" time="1.752"/>
  <system-out/>
</testsuite> <!-- api.test.Usertest_propertyfile -->
