<?xml version="1.0" encoding="UTF-8"?>
<!-- Generated by org.testng.reporters.JUnitReportReporter -->
<testsuite hostname="DESKTOP-2GULKS9" failures="0" tests="4" name="api.test.Usertest_propertyfile" time="13.420" errors="0" timestamp="2024-08-09T07:24:14 PDT" skipped="0">
  <testcase classname="api.test.Usertest_propertyfile" name="testpostuser" time="5.833"/>
  <system-out/>
  <testcase classname="api.test.Usertest_propertyfile" name="testgetuser" time="2.464"/>
  <system-out/>
  <testcase classname="api.test.Usertest_propertyfile" name="testupdateuser" time="3.060"/>
  <system-out/>
  <testcase classname="api.test.Usertest_propertyfile" name="testdeleteuser" time="2.063"/>
  <system-out/>
</testsuite> <!-- api.test.Usertest_propertyfile -->
